peer_addr = 172.16.253.11:5556
test begin!

BlockID  bct  BlockSize  Priority  Deadline
         5     14139      1235         1       200
        13     14133      1435         1       200
        17     14125      1475         1       200
        25     14124      1210         1       200
        29     14124      1205         1       200
        21     14142     53910         2       200
        33     14139     53735         2       200
        37     14126      1195         1       200
         9     14250    288555         2       200
        41     14122      1255         1       200
        45     14151    171460         2       200
        49     14128      1625         1       200
        53     14124      1450         1       200
        61     14126      1240         1       200
        57     14135     53415         2       200
        65     14122      1250         1       200
        73     14125      1220         1       200
        69     14154    172580         2       200
        77     14128      1215         1       200
        81     14174    281425         2       200
        85     14181      1195         1       200
        89     14124      1195         1       200
        97     14133      1260         1       200
        93     14133     52795         2       200
       101     14124      1185         1       200
       129     14174    256815         2       200
       133     14174      1355         1       200
       113     14242      1235         1       200
       121     14224      1245         1       200
       117     14234     49390         2       200
       137     14144     45410         2       200
       125     14222      1215         1       200
       141     14125      1225         1       200
       145     14128      1265         1       200
       149     14136     64775         2       200
       153     14125      1235         1       200
       157     14125      1240         1       200
       169     14131      1225         1       200
       165     14131      1265         1       200
       173     14133     36250         2       200
       181     14125      1275         1       200
       177     14125      1285         1       200
       185     14141     62690         2       200
       189     14126      1465         1       200
       193     14129      1275         1       200
       197     14142     78415         2       200
       201     14128      1255         1       200
       205     14127      1315         1       200
       209     14155    168430         2       200
       213     14124      1255         1       200
       217     14126      1475         1       200
       221     14135     59105         2       200
       225     14124      1230         1       200
       229     14125      1240         1       200
       237     14125      1245         1       200
       241     14126      1490         1       200
       245     14132     37695         2       200
       249     14125      1245         1       200
       253     14125      1210         1       200
       257     14137     71995         2       200
       261     14129      1215         1       200
       265     14127      1235         1       200
       273     14126      1185         1       200
       269     14138     80330         2       200
       277     14124      1345         1       200
       281     14164    193685         2       200
       285     14125      1170         1       200
       289     14124      1425         1       200
       293     14140     70615         2       200
       297     14128      1390         1       200
       301     14127      1415         1       200
       305     14146    101625         2       200
       313     14207      1135         1       200
       309     15013      1130         1       200
       333     14129      1230         1       200
       325     14200      1190         1       200
       337     14141      1200         1       200
       321     14215      1205         1       200
       329     14182    123185         2       200
       345     14128      1865         1       200
       349     14126      1230         1       200
       357     14124      1160         1       200
       341     14175    198880         2       200
       353     14132     23310         2       200
       317     14300     61445         2       200
       361     14130      1195         1       200
       385     14129      1225         1       200
       373     14171      1180         1       200
       369     14191      1165         1       200
       381     14160      1220         1       200
       365     14200     44375         2       200
       393     14129      1250         1       200
       397     14129      1205         1       200
       405     14126      1240         1       200
       377     14254    120235         2       200
       409     14143     45970         2       200
       413     14128      1260         1       200
       417     14128      1240         1       200
       401     14186     59520         2       200
       453     14134      1245         1       200
       425     14220      1245         1       200
       429     14220      1225         1       200
       465     14125      1270         1       200
       473     14124      1285         1       200
       421     14315    119260         2       200
       437     14257      1270         1       200
       441     14257      1225         1       200
       477     14126      1215         1       200
       485     14125      1235         1       200
       489     14125      1250         1       200
       501     14127      1240         1       200
       497     14137      1240         1       200
       493     14151     51605         2       200
       509     14130      1280         1       200
       513     14126      1270         1       200
       517     14141     33555         2       200
       521     14126      1245         1       200
       525     14130      1280         1       200
       533     14134      1340         1       200
       505     14246    215445         2       200
       537     14133      1350         1       200
       545     14124      1280         1       200
       541     14144     45990         2       200
       549     14126      1300         1       200
       557     14137      1245         1       200
       561     14130      1255         1       200
       569     14127      1240         1       200
       565     14138     15150         2       200
       573     14131      1270         1       200
       581     14126      1265         1       200
       585     14127      1325         1       200
       589     14132     22770         2       200
       593     14128      1275         1       200
       597     14128      1260         1       200
       617     14114      1255         1       200
       605     14155      1290         1       200
       621     14116      1375         1       200
       629     14112      1410         1       200
       609     14179      1230         1       200
       633     14107      1290         1       200
       641     14105      1240         1       200
       645     14106      1245         1       200
       601     14256    143145         2       200
       613     14222     33120         2       200
       653     14105      1295         1       200
       657     14105      1310         1       200
       665     14104      1270         1       200
       677     14107      1255         1       200
       673     14107      1250         1       200
       681     14109     18405         2       200
       689     14106      1320         1       200
       685     14106      1300         1       200
       701     14109      1480         1       200
       705     14111     17820         2       200
       697     14136      1275         1       200
       713     14106      1275         1       200
       709     14128      1405         1       200
       693     14186    175755         2       200
       725     14109      1235         1       200
       721     14109      1315         1       200
       729     14117     26360         2       200
       733     14107      1270         1       200
       737     14109      1280         1       200
       717     14177    145750         2       200
       745     14107      1385         1       200
       749     14105      1295         1       200
       753     14110     15605         2       200
       757     14107      1295         1       200
       761     14107      1300         1       200
       769     14112      1310         1       200
       773     14108      1400         1       200
       765     14130     76825         2       200
       781     14110      1415         1       200
       785     14107      1255         1       200
       793     14107      1255         1       200
       789     14131     79570         2       200
       797     14108      1245         1       200
       805     14107      1210         1       200
       801     14128     72735         2       200
       809     14107      1210         1       200
       821     14123      1945         1       200
       817     14155      1215         1       200
       829     14107      1460         1       200
       833     14116      1160         1       200
       841     14107      1180         1       200
       845     14106      1175         1       200
       813     14231    175895         2       200
       853     14105      1300         1       200
       825     14224    166310         2       200
       837     14179     72440         2       200
       857     14107      1250         1       200
       877     14112      1845         1       200
       869     14134      1180         1       200
       881     14118      1150         1       200
       889     14114      1170         1       200
       893     14117      1265         1       200
       861     14233    102535         2       200
       901     14109      1220         1       200
       865     14244      1240         1       200
       905     14106      1230         1       200
       913     14111      1345         1       200
       917     14110      1200         1       200
       925     14106      1195         1       200
       873     14278    178310         2       200
       933     14108      1310         1       200
       937     14108      1285         1       200
       945     14106      1215         1       200
       949     14106      1200         1       200
       957     14109      1295         1       200
       961     14109      1315         1       200
       973     14107      1215         1       200
       969     14107      1250         1       200
       985     14107      1305         1       200
       953     14227    197350         2       200
       993     14110      1295         1       200
       997     14108      1305         1       200
       989     14144    117120         2       200
      1005     14110      1305         1       200
      1009     14111      1395         1       200
      1017     14109      1295         1       200
      1021     14113      1255         1       200
      1029     14106      1360         1       200
      1033     14109      1245         1       200
      1041     14109      1255         1       200
      1045     14107      1260         1       200
      1053     14110      1260         1       200
      1057     14110      1300         1       200
      1037     14191    198975         2       200
      1065     14108      1255         1       200
      1069     14108      1225         1       200
      1077     14109      1215         1       200
      1081     14108      1280         1       200
      1089     14119      1290         1       200
      1093     14110      1330         1       200
      1101     14111      1335         1       200
      1085     14175    204445         2       200
      1105     14108      1230         1       200
      1097     14149     96440         2       200
      1113     14124      1190         1       200
      1117     14109      1190         1       200
      1109     14134     57725         2       200
      1125     14110      1185         1       200
      1129     14119      1220         1       200
      1137     14111      1230         1       200
      1141     14109      1250         1       200
      1149     14132      1290         1       200
      1153     14108      1300         1       200
      1145     14146    137330         2       200
      1161     14120      1260         1       200
      1157     14120     43730         2       200
      1165     14108      1325         1       200
      1173     14130      1305         1       200
      1177     14110      1320         1       200
      1169     14138    122160         2       200
      1185     14141      1290         1       200
      1189     14118     38445         2       200
      1197     14108      1290         1       200
      1201     14117     39640         2       200
      1209     14110      1255         1       200
      1205     14110      1295         1       200
      1221     14109      1300         1       200
      1225     14119     40540         2       200
      1213     14167    182250         2       200
      1217     14147      1310         1       200
      1229     14109      1305         1       200
      1233     14109      1255         1       200
      1245     14111      1350         1       200
      1241     14116      1290         1       200
      1237     14133    104320         2       200
      1249     14117     42685         2       200
      1253     14110      1340         1       200
      1257     14110      1280         1       200
      1265     14111      1270         1       200
      1269     14112      1295         1       200
      1273     14119     44050         2       200
      1281     14109      1220         1       200
      1277     14116      1215         1       200
      1285     14124     90725         2       200
      1289     14112      1245         1       200
      1293     14111      1250         1       200
      1297     14121     43015         2       200
      1301     14115      1255         1       200
      1305     14109      1250         1       200
      1313     14117      1255         1       200
      1317     14121      1310         1       200
      1309     14149    117775         2       200
      1325     14108      1275         1       200
      1321     14119     47300         2       200
      1329     14108      1280         1       200
      1333     14123     93490         2       200
      1337     14112      1305         1       200
      1341     14110      1470         1       200
      1349     14117      1530         1       200
      1353     14112      1475         1       200
      1357     14111      6940         2       200
      1361     14109      1160         1       200
      1365     14109      1200         1       200
      1369     14110      5895         2       200
      1373     14110      1230         1       200
      1377     14110      1235         1       200
      1385     14115      1230         1       200
      1389     14127      1255         1       200
      1393     14112      8620         2       200
      1381     14164    121240         2       200
      1397     14117      1265         1       200
      1401     14116      1855         1       200
      1413     14110      1185         1       200
      1409     14140      1105         1       200
      1405     14140    144510         2       200
      1421     14112      1220         1       200
      1417     14112      9965         2       200
      1425     14114      1205         1       200
      1437     14130      1270         1       200
      1433     14308      1235         1       200
      1429     14308    180015         2       200
      1445     14116      1200         1       200
      1441     14116     10235         2       200
      1449     14109      1300         1       200
      1453     14135    122240         2       200
      1457     14142      1265         1       200
      1461     14116     10950         2       200
      1465     14110      1240         1       200
      1469     14113      1330         1       200
      1473     14121     69200         2       200
      1477     14108      1260         1       200
      1481     14111      1280         1       200
      1485     14117     11215         2       200
      1489     14109      1275         1       200
      1493     14116      1335         1       200
      1497     14119     66440         2       200
      1505     14109      1295         1       200
      1501     14108      1255         1       200
      1517     14116      1485         1       200
      1525     14108      1395         1       200
      1521     14309     44625         2       200
      1529     14115      1240         1       200
      1533     14109      6895         2       200
      1537     14108      1210         1       200
      1541     14109      1230         1       200
      1549     14113      1180         1       200
      1553     14110      1195         1       200
      1545     14137    137795         2       200
      1557     14119      8225         2       200
      1561     14116      1220         1       200
      1565     14116      1250         1       200
      1573     14114      1375         1       200
      1569     14131    110655         2       200
      1577     14110      1425         1       200
      1581     14112      8410         2       200
      1585     14116      1495         1       200
      1589     14110      1310         1       200
      1593     14118     49900         2       200
      1597     14111      1220         1       200
      1601     14110      1210         1       200
      1605     14114      9815         2       200
      1609     14110      1230         1       200
      1613     14110      1210         1       200
      1621     14114      1240         1       200
      1617     14247    140975         2       200
      1625     14115      1405         1       200
      1629     14118     10135         2       200
      1633     14117      1345         1       200
      1637     14111      1160         1       200
      1641     14121     53425         2       200
      1645     14110      1145         1       200
      1649     14114      1195         1       200
      1653     14114     12565         2       200
      1657     14110      1230         1       200
      1661     14111      1250         1       200
      1673     14111      1280         1       200
      1669     14141      1260         1       200
      1665     14141    135465         2       200
      1677     14113      8735         2       200
      1681     14113      1450         1       200
      1685     14113      1355         1       200
      1689     14119     45795         2       200
      1693     14120      1230         1       200
      1697     14112      1495         1       200
      1701     14112      8760         2       200
      1705     14113      1345         1       200
      1709     14110      1295         1       200
      1717     14138      1180         1       200
      1721     14112      7615         2       200
      1713     14140    131115         2       200
      1729     14112      1210         1       200
      1725     14112      1130         1       200
      1733     14125     47885         2       200
      1737     14112      1150         1       200
      1741     14113      1225         1       200
      1745     14114      8305         2       200
      1753     14111      1210         1       200
      1749     14111      1175         1       200
      1765     14110      1215         1       200
      1757     14134    107620         2       200
      1761     14112      1130         1       200
      1769     14113      7585         2       200
      1777     14111      1245         1       200
      1773     14111      1250         1       200
      1781     14121     51565         2       200
      1785     14111      1225         1       200
      1789     14110      1215         1       200
      1793     14119      9130         2       200
      1797     14112      1285         1       200
      1801     14116      1255         1       200
      1809     14112      1260         1       200
      1805     14141    131960         2       200
      1813     14114      1275         1       200
      1817     14112      8225         2       200
      1821     14115      1270         1       200
      1825     14110      1400         1       200
      1829     14125     43775         2       200
      1833     14118      1190         1       200
      1837     14111      1210         1       200
      1841     14119      9335         2       200
      1845     14119      1350         1       200
      1849     14111      1220         1       200
      1857     14113      1245         1       200
      1861     14113      1280         1       200
      1853     14175    141110         2       200
      1865     14113      8800         2       200
      1869     14118      1210         1       200
      1873     14117      1275         1       200
      1877     14120     48815         2       200
      1881     14116      1245         1       200
      1885     14111      1220         1       200
      1889     14113      8360         2       200
      1893     14117      1235         1       200
      1897     14117      1245         1       200
      1901     14131     99865         2       200
      1905     14113      1315         1       200
      1909     14113      1295         1       200
      1913     14116      8690         2       200
      1917     14118      1240         1       200
      1921     14114      1285         1       200
      1925     14120     49515         2       200
      1929     14127      1235         1       200
      1933     14112      1265         1       200
      1937     14114      9100         2       200
      1941     14114      1255         1       200
      1945     14112      1255         1       200
      1949     14128     85070         2       200
      1957     14111      1260         1       200
      1953     14130      1250         1       200
      1961     14115      9610         2       200
      1965     14115      1270         1       200
      1969     14112      1295         1       200
      1973     14119     42285         2       200
      1977     14119      1305         1       200
      1981     14112      6955         2       200
      1985     14113      1315         1       200
      1989     14119      1255         1       200
      1993     14126     86385         2       200
      2001     14113      1310         1       200
      1997     14113      1345         1       200
      2005     14115     10375         2       200
      2009     14111      1305         1       200
      2013     14113      1285         1       200
      2017     14127     47805         2       200
      2025     14112      1315         1       200
      2021     14112      1330         1       200
      2029     14120      8905         2       200
      2033     14111      1325         1       200
      2037     14113      1265         1       200
      2041     14122     58350         2       200
      2045     14112      1285         1       200
      2049     14112      1295         1       200
      2053     14113      9455         2       200
      2057     14110      1265         1       200
      2061     14113      1300         1       200
      2065     14118     42995         2       200
      2069     14112      1370         1       200
      2073     14111      1275         1       200
      2081     14114      1235         1       200
      2085     14112      1285         1       200
      2089     14119     30635         2       200
      2093     14114      1275         1       200
      2097     14112      1285         1       200
      2101     14120     57015         2       200
      2105     14112      1285         1       200
      2109     14112      1250         1       200
      2113     14117     28840         2       200
      2117     14112      1320         1       200
      2121     14113      1295         1       200
      2125     14121     69250         2       200
      2129     14111      1400         1       200
      2133     14111      1235         1       200
      2137     14116     31205         2       200
      2141     14111      1250         1       200
      2145     14111      1270         1       200
      2149     14121     63230         2       200
      2153     14112      1365         1       200
      2157     14111      1385         1       200
      2161     14116     25415         2       200
      2165     14112      1285         1       200
      2169     14112      1230         1       200
      2177     14114      1260         1       200
      2173     14125     74505         2       200
      2181     14111      1310         1       200
      2185     14116     29715         2       200
      2189     14116      1290         1       200
      2193     14110      1300         1       200
      2197     14203     66595         2       200
      2205     14116      1310         1       200
      2201     14208      1385         1       200
      2213     14119      1260         1       200
      2209     14119     28535         2       200
      2217     14112      1235         1       200
      2221     14128     81305         2       200
      2225     14127      1275         1       200
      2229     14112      1940         1       200
      2233     14117     26700         2       200
      2237     14117      1190         1       200
      2241     14123     66070         2       200
      2249     14113      1275         1       200
      2245     14112      1195         1       200
      2253     14119     29460         2       200
      2257     14112      1205         1       200
      2261     14112      1265         1       200
      2265     14126     88000         2       200
      2269     14112      1200         1       200
      2273     14112      1240         1       200
      2277     14116     28610         2       200
      2281     14111      1285         1       200
      2285     14113      1290         1       200
      2289     14125     76370         2       200
      2297     14112      1250         1       200
      2293     14112      1290         1       200
      2301     14121     32975         2       200
      2305     14145      1325         1       200
      2309     14145      1295         1       200
      2313     14124     56760         2       200
      2317     14113      1260         1       200
      2321     14114      1265         1       200
      2325     14119     34525         2       200
      2329     14114      1235         1       200
      2333     14114      1270         1       200
      2341     14113      1260         1       200
      2337     14127     90450         2       200
      2345     14112      1260         1       200
      2349     14119     35795         2       200
      2353     14112      1245         1       200
      2357     14112      1320         1       200
      2361     14120     55295         2       200
      2365     14117      1300         1       200
      2369     14113      1315         1       200
      2373     14117     32355         2       200
      2377     14112      1255         1       200
      2381     14112      1275         1       200
      2389     14116      1275         1       200
      2385     14129     96505         2       200
      2393     14113      1255         1       200
      2397     14118     31430         2       200
      2401     14112      1295         1       200
      2405     14113      1275         1       200
      2409     14120     52715         2       200
      2413     14112      1300         1       200
      2417     14111      1240         1       200
      2421     14203     30480         2       200
      2425     14115      1280         1       200
      2429     14112      1280         1       200
      2437     14113      1340         1       200
      2433     14133     95435         2       200
      2441     14113      1295         1       200
      2445     14118     28995         2       200
      2449     14118      1285         1       200
      2453     14112      1275         1       200
      2457     14122     52085         2       200
      2461     14122      1300         1       200
      2465     14113      1300         1       200
      2473     14118      1330         1       200
      2469     14119     30315         2       200
      2477     14112      1360         1       200
      2485     14130      1270         1       200
      2481     14130     91330         2       200
      2489     14113      1230         1       200
      2493     14119     30860         2       200
      2497     14119      1295         1       200
      2501     14112      1325         1       200
      2509     14123      1200         1       200
      2505     14123     51060         2       200
      2513     14117     34190         2       200
      2521     14113      1275         1       200
      2517     14113      1235         1       200
      2525     14129     93445         2       200
      2529     14114      1305         1       200
      2533     14114      1300         1       200
      2537     14122     32485         2       200
      2541     14114      1285         1       200
      2545     14116      1320         1       200
      2549     14124     54100         2       200
      2557     14113      1315         1       200
      2553     14113      1270         1       200
      2561     14120     29490         2       200
      2565     14115      1305         1       200
      2569     14115      1265         1       200
      2577     14112      1255         1       200
      2573     14127     97540         2       200
      2581     14114      1285         1       200
      2585     14117     31035         2       200
      2589     14112      1315         1       200
      2593     14113      1300         1       200
      2597     14121     53040         2       200
      2601     14113      1305         1       200
      2605     14113      1305         1       200
      2609     14117     32030         2       200
      2613     14113      1335         1       200
      2617     14114      1290         1       200
      2621     14126     91920         2       200
      2625     14114      1260         1       200
      2629     14115      1320         1       200
      2633     14117     31315         2       200
      2637     14113      1290         1       200
      2641     14112      1270         1       200
      2645     14119     52790         2       200
      2649     14112      1260         1       200
      2653     14113      1275         1       200
      2657     14120     29335         2       200
      2661     14115      1280         1       200
      2665     14114      1335         1       200
      2673     14115      1265         1       200
      2669     14133     97615         2       200
      2677     14112      1285         1       200
      2681     14119     32725         2       200
      2685     14115      1270         1       200
      2689     14113      1345         1       200
      2693     14123     53150         2       200
      2697     14113      1420         1       200
      2701     14113      1810         1       200
      2709     14115      1300         1       200
      2705     14120     30085         2       200
      2713     14114      1295         1       200
      2717     14131     85020         2       200
      2721     14131      1285         1       200
      2725     14115      1180         1       200
      2729     14120     31280         2       200
      2733     14121      1140         1       200
      2737     14113      1200         1       200
      2745     14126      1120         1       200
      2741     14125     53555         2       200
      2749     14112      1205         1       200
      2757     14119      1190         1       200
      2753     14120     30930         2       200
      2761     14113      1205         1       200
      2773     14122     31165         2       200
      2769     14206      1185         1       200
      2765     14205     86340         2       200
      2777     14113      1150         1       200
      2781     14114      1290         1       200
      2785     14123     52350         2       200
      2793     14114      1280         1       200
      2789     14114      1190         1       200
      2797     14118     31005         2       200
      2805     14113      1260         1       200
      2801     14113      1225         1       200
      2809     14127     77730         2       200
      2817     14113      1255         1       200
      2813     14113      1250         1       200
      2821     14118     33265         2       200
      2829     14113      1250         1       200
      2825     14113      1250         1       200
      2833     14123     52350         2       200
      2837     14113      1270         1       200
      2841     14114      1270         1       200
      2845     14119     35020         2       200
      2849     14115      1300         1       200
      2853     14112      1235         1       200
      2857     14127     65795         2       200
      2861     14113      1260         1       200
      2865     14112      1250         1       200
      2869     14121     33940         2       200
      2873     14114      1270         1       200
      2877     14113      1260         1       200
      2881     14123     56125         2       200
      2885     14113      1315         1       200
      2889     14114      1265         1       200
      2893     14165     40675         2       200
      2897     14115      1245         1       200
      2901     14113      1280         1       200
      2905     14124     50000         2       200
      2909     14114      1250         1       200
      2913     14115      1290         1       200
      2917     14119     42190         2       200
      2921     14113      1290         1       200
      2925     14114      1305         1       200
      2933     14114      1270         1       200
      2937     14114      1300         1       200
      2941     14116      8835         2       200
      2945     14112      1270         1       200
      2949     14115      1295         1       200
      2953     14118      5600         2       200
      2957     14114      1260         1       200
      2961     14113      1260         1       200
      2969     14115      1310         1       200
      2965     14131     92610         2       200
      2973     14112      1275         1       200
      2981     14116      1265         1       200
      2977     14116      6870         2       200
      2985     14115      1250         1       200
      2989     14118     12090         2       200
      2993     14118      1305         1       200
      2997     14115      1255         1       200
      3005     14117      1255         1       200
      3001     14117      9080         2       200
      3009     14113      1280         1       200
      3013     14128     72260         2       200
      3017     14130      1300         1       200
      3021     14113      1335         1       200
      3025     14117      6690         2       200
      3029     14117      1340         1       200
      3033     14118     13030         2       200
      3037     14115      1270         1       200
      3041     14116      1315         1       200
      3045     14117      7965         2       200
      3049     14115      1310         1       200
      3053     14115      1305         1       200
      3057     14128     72960         2       200
      3065     14114      1275         1       200
      3061     14114      1245         1       200
      3069     14116      8215         2       200
      3073     14114      1275         1       200
      3077     14116      1250         1       200
      3081     14117     12140         2       200
      3089     14114      1295         1       200
      3085     14114      1305         1       200
      3093     14116      6445         2       200
      3097     14114      1260         1       200
      3101     14114      1290         1       200
      3105     14126     66780         2       200
      3109     14115      1315         1       200
      3113     14115      1335         1       200
      3117     14117      7305         2       200
      3121     14115      1275         1       200
      3125     14114      1270         1       200
      3129     14118     11590         2       200
      3133     14114      1255         1       200
      3137     14115      1330         1       200
      3141     14116      6940         2       200
      3145     14113      1270         1       200
      3149     14115      1250         1       200
      3153     14124     60500         2       200
      3157     14114      1255         1       200
      3161     14114      1290         1       200
      3165     14116      6465         2       200
      3169     14114      1300         1       200
      3173     14113      1305         1       200
      3177     14117     11740         2       200
      3181     14115      1275         1       200
      3185     14114      1270         1       200
      3189     14116      6010         2       200
      3193     14115      1285         1       200
      3197     14115      1245         1       200
      3201     14126     55965         2       200
      3205     14116      1275         1       200
      3209     14114      1320         1       200
      3213     14116      6865         2       200
      3217     14115      1295         1       200
      3221     14114      1240         1       200
      3229     14116      1290         1       200
      3225     14126     54495         2       200
      3233     14115      1270         1       200
      3237     14118      7775         2       200
      3241     14118      1340         1       200
      3245     14115      1275         1       200
      3253     14121      1260         1       200
      3249     14121     19075         2       200
      3257     14114      1275         1       200
      3265     14116      1260         1       200
      3261     14116      6370         2       200
      3269     14116      1290         1       200
      3273     14131     73835         2       200
      3277     14131      1285         1       200
      3281     14115      1345         1       200
      3285     14116      8630         2       200
      3289     14116      1250         1       200
      3293     14119     16875         2       200
      3297     14114      1290         1       200
      3301     14116      1355         1       200
      3305     14117      7090         2       200
      3353     14121      6450         2       200
      3341     14159     15720         2       200
      3325     14218      1265         1       200
      3349     14142      1340         1       200
      3337     14179      1255         1       200
      3329     14197      6535         2       200
      3321     14217      1295         1       200
      3309     14248      1275         1       200
      3333     14179      1295         1       200
      3317     14236     63230         2       200
      3345     14141      1325         1       200
      3313     14248      1255         1       200
      3357     14116      1265         1       200
      3361     14116      1285         1       200
      3365     14124     53595         2       200
      3369     14115      1245         1       200
      3373     14114      1265         1       200
      3377     14117      7520         2       200
      3381     14115      1295         1       200
      3385     14115      1240         1       200
      3389     14118     18410         2       200
      3393     14115      1275         1       200
      3397     14115      1240         1       200
      3401     14117      6315         2       200
      3405     14115      1280         1       200
      3409     14116      1285         1       200
      3413     14124     50150         2       200
      3417     14115      1275         1       200
      3421     14114      1300         1       200
      3425     14116      8595         2       200
      3429     14114      1290         1       200
      3433     14116      1335         1       200
      3437     14119     17280         2       200
      3441     14115      1275         1       200
      3445     14115      1270         1       200
      3449     14117      9025         2       200
      3453     14116      1305         1       200
      3457     14118      1300         1       200
      3465     14115      1275         1       200
      3461     14124     51510         2       200
      3469     14115      1270         1       200
      3473     14118      7670         2       200
      3477     14115      1255         1       200
      3481     14116      1315         1       200
      3485     14120     17895         2       200
      3489     14116      1260         1       200
      3493     14115      1290         1       200
      3497     14122      8165         2       200
      3501     14121      1260         1       200
      3505     14115      1285         1       200
      3509     14125     43495         2       200
      3513     14127      1270         1       200
      3517     14115      1285         1       200
      3525     14118      1260         1       200
      3521     14118     10905         2       200
      3529     14116      1285         1       200
      3533     14119     15270         2       200
      3537     14119      1315         1       200
      3541     14114      1265         1       200
      3549     14117      1295         1       200
      3545     14117      8630         2       200
      3553     14114      1295         1       200
      3557     14121     31550         2       200
      3561     14122      1345         1       200
      3565     14118      9625         2       200
      3569     14117      1270         1       200
      3573     14117      1230         1       200
      3577     14118     13875         2       200
      3605     14258      1305         1       200
      3613     14238     12750         2       200
      3633     14180      1315         1       200
      3625     14202     21490         2       200
      3617     14221      1245         1       200
      3597     14297      1280         1       200
      3585     14336      1280         1       200
      3601     14276     20460         2       200
      3581     14336      1305         1       200
      3609     14258      1285         1       200
      3621     14221      1280         1       200
      3629     14186      1280         1       200
      3593     14297      1220         1       200
      3589     14314      8455         2       200
      3657     14126      1315         1       200
      3653     14138      1315         1       200
      3645     14173      1265         1       200
      3641     14180      1305         1       200
      3649     14152      5440         2       200
      3661     14127      1515         2       200
      3665     14116      1265         1       200
      3669     14117      1290         1       200
      3677     14117      1280         1       200
      3681     14114      1260         1       200
      3685     14119      2000         2       200
      3689     14115      1280         1       200
      3693     14116      1300         1       200
      3697     14119      5785         2       200
      3673     14217    208725         2       200
      3701     14117      1285         1       200
      3705     14117      1300         1       200
      3709     14117      3340         2       200
      3713     14116      1260         1       200
      3717     14116      1250         1       200
      3725     14121      1285         1       200
      3729     14116      1300         1       200
      3721     14150    116320         2       200
      3733     14116      2730         2       200
      3737     14116      1285         1       200
      3741     14116      1275         1       200
      3745     14116      4130         2       200
      3749     14116      1280         1       200
      3753     14118      1300         1       200
      3757     14116      1910         2       200
      3761     14117      1220         1       200
      3765     14117      1495         1       200
      3773     14129      1270         1       200
      3769     14130     68175         2       200
      3777     14116      1250         1       200
      3781     14117      2815         2       200
      3785     14117      1280         1       200
      3789     14117      1235         1       200
      3797     14117      1230         1       200
      3793     14116      4290         2       200
      3801     14115      1240         1       200
      3809     14117      1240         1       200
      3805     14117      1270         2       200
      3813     14118      1190         1       200
      3817     14129     65440         2       200
      3821     14132      1240         1       200
      3825     14116      2060         2       200
      3829     14115      1235         1       200
      3833     14118      1235         1       200
      3837     14117       690         2       200
      3841     14116      1265         1       200
      3845     14117      1270         1       200
      3849     14122     23445         2       200
      3853     14117      1385         1       200
      3857     14117      1445         1       200
      3861     14117      2090         2       200
      3869     14116      1200         1       200
      3865     14116      1235         1       200
      3873     14116      1150         2       200
      3877     14115      1265         1       200
      3881     14118      1320         1       200
      3885     14121     24645         2       200
      3889     14117      1285         1       200
      3893     14117      1380         1       200
      3897     14116      1125         2       200
      3901     14116      1385         1       200
      3905     14116      1345         1       200
      3909     14117      3715         2       200
      3913     14116      1395         1       200
      3917     14116      1330         1       200
      3921     14116      1035         2       200
      3925     14118      1245         1       200
      3929     14117      1270         1       200
      3933     14126     59100         2       200
      3937     14116      1485         1       200
      3941     14116      1165         1       200
      3945     14116      1815         2       200
      3949     14116      1195         1       200
      3953     14116      1245         1       200
      3957     14117      3970         2       200
      3961     14117      1225         1       200
      3965     14116      1290         1       200
      3969     14117       925         2       200
      3973     14117      1260         1       200
      3977     14116      1210         1       200
      3985     14117      1180         1       200
      3981     14130     71165         2       200
      3989     14115      1230         1       200
      3993     14118      1180         2       200
      3997     14120      1235         1       200
      4001     14117      1245         1       200
      4005     14119      3140         2       200
      4009     14117      1230         1       200
      4013     14116      1220         1       200
      4017     14116      1235         2       200
      4021     14117      1315         1       200
      4025     14117      1255         1       200
      4029     14125     46045         2       200
      4033     14125      1825         1       200
      4037     14117      1125         1       200
      4045     14117      1185         1       200
      4041     14117      1105         2       200
      4049     14117      1195         1       200
      4057     14118      1225         1       200
      4053     14118      2755         2       200
      4061     14120      1300         1       200
      4065     14116       995         2       200
      4069     14117      1245         1       200
      4073     14116      1275         1       200
      4077     14124     36340         2       200
      4081     14128      1965         1       200
      4085     14122      1155         2       200
      4093     14120      1125         1       200
      4089     14120      1135         1       200
      4097     14118      2220         2       200
      4105     14117      1195         1       200
      4101     14118      1180         1       200
      4109     14117      1165         2       200
      4117     14120      1265         1       200
      4113     14120      1200         1       200
      4121     14122     28855         2       200
      4129     14118      1240         1       200
      4125     14117      1405         1       200
      4133     14116       870         2       200
      4141     14117      1165         1       200
      4137     14117      1180         1       200
      4145     14118      2310         2       200
      4149     14120      1190         1       200
      4153     14120      1200         1       200
      4157     14117       925         2       200
      4161     14118      1230         1       200
      4165     14117      1250         1       200
      4169     14122     21870         2       200
      4173     14117      1235         1       200
      4177     14116      1245         1       200
      4181     14118      1560         2       200
      4185     14118      1325         1       200
      4189     14117      1385         1       200
      4193     14118      4640         2       200
      4197     14116      1355         1       200
      4201     14118      1320         1       200
      4205     14119      4000         2       200
      4209     14121      1360         1       200
      4213     14118      1315         1       200
      4221     14122      1270         1       200
      4217     14135     74385         2       200
      4225     14116      1255         1       200
      4229     14118      3030         2       200
      4233     14117      1195         1       200
      4237     14118      1235         1       200
      4241     14118      4455         2       200
      4245     14117      1190         1       200
      4249     14118      1155         1       200
      4253     14118      2690         2       200
connection closed, recv=17682 sent=2657 lost=0 rtt=23.309976ms cwnd=14520, total_bytes=22810000, complete_bytes=16890995, good_bytes=0, total_time=27423850
