peer_addr = 172.16.253.11:5555
test begin!

BlockID	bct	BlockSize	Priority	Deadline
5         	     14108	      1235	         1	       200
9         	     14243	    288555	         2	       200
13        	     14234	      1435	         1	       200
17        	     14212	      1475	         1	       200
21        	     14207	     53910	         2	       200
25        	     14195	      1210	         1	       200
29        	     14174	      1205	         1	       200
33        	     14175	     53735	         2	       200
37        	     14162	      1195	         1	       200
41        	     14144	      1255	         1	       200
45        	     14151	    171460	         2	       200
49        	     14137	      1625	         1	       200
53        	     14118	      1450	         1	       200
57        	     14113	     53415	         2	       200
61        	     14108	      1240	         1	       200
65        	     14108	      1250	         1	       200
69        	     14114	    172580	         2	       200
73        	     14109	      1220	         1	       200
77        	     14110	      1215	         1	       200
81        	     14117	    281425	         2	       200
85        	     14109	      1195	         1	       200
89        	     14108	      1195	         1	       200
93        	     14111	     52795	         2	       200
97        	     14108	      1260	         1	       200
101       	     14108	      1185	         1	       200
105       	     14114	    257340	         2	       200
109       	     14108	      1275	         1	       200
113       	     14109	      1235	         1	       200
117       	     14111	     49390	         2	       200
121       	     14109	      1245	         1	       200
125       	     14111	      1215	         1	       200
129       	     14119	    256815	         2	       200
133       	     14108	      1355	         1	       200
137       	     14112	     45410	         2	       200
141       	     14115	      1225	         1	       200
145       	     14108	      1265	         1	       200
149       	     14112	     64775	         2	       200
153       	     14116	      1235	         1	       200
157       	     14109	      1240	         1	       200
161       	     14125	    244720	         2	       200
165       	     14125	      1265	         1	       200
169       	     14108	      1225	         1	       200
173       	     14111	     36250	         2	       200
177       	     14113	      1285	         1	       200
181       	     14108	      1275	         1	       200
185       	     14112	     62690	         2	       200
189       	     14111	      1465	         1	       200
193       	     14108	      1275	         1	       200
197       	     14113	     78415	         2	       200
201       	     14111	      1255	         1	       200
205       	     14108	      1315	         1	       200
209       	     14113	    168430	         2	       200
213       	     14113	      1255	         1	       200
217       	     14108	      1475	         1	       200
221       	     14112	     59105	         2	       200
225       	     14109	      1230	         1	       200
229       	     14109	      1240	         1	       200
233       	     14115	    226140	         2	       200
237       	     14111	      1245	         1	       200
241       	     14109	      1490	         1	       200
245       	     14111	     37695	         2	       200
249       	     14109	      1245	         1	       200
253       	     14109	      1210	         1	       200
257       	     14112	     71995	         2	       200
261       	     14109	      1215	         1	       200
265       	     14109	      1235	         1	       200
269       	     14113	     80330	         2	       200
273       	     14108	      1185	         1	       200
277       	     14109	      1345	         1	       200
281       	     14115	    193685	         2	       200
285       	     14109	      1170	         1	       200
289       	     14109	      1425	         1	       200
293       	     14112	     70615	         2	       200
297       	     14110	      1390	         1	       200
301       	     14120	      1415	         1	       200
305       	     14123	    101625	         2	       200
309       	     14112	      1130	         1	       200
313       	     14109	      1135	         1	       200
317       	     14113	     61445	         2	       200
321       	     14109	      1205	         1	       200
325       	     14109	      1190	         1	       200
329       	     14114	    123185	         2	       200
333       	     14109	      1230	         1	       200
337       	     14109	      1200	         1	       200
341       	     14123	    198880	         2	       200
345       	     14121	      1865	         1	       200
349       	     14115	      1230	         1	       200
353       	     14120	     23310	         2	       200
357       	     14109	      1160	         1	       200
361       	     14109	      1195	         1	       200
365       	     14121	     44375	         2	       200
369       	     14109	      1165	         1	       200
373       	     14113	      1180	         1	       200
377       	     14121	    120235	         2	       200
381       	     14109	      1220	         1	       200
385       	     14113	      1225	         1	       200
389       	     14131	    244295	         2	       200
393       	     14116	      1250	         1	       200
397       	     14109	      1205	         1	       200
401       	     14120	     59520	         2	       200
405       	     14109	      1240	         1	       200
409       	     14122	     45970	         2	       200
413       	     14126	      1260	         1	       200
417       	     14110	      1240	         1	       200
421       	     14123	    119260	         2	       200
425       	     14125	      1245	         1	       200
429       	     14109	      1225	         1	       200
433       	     14124	    212415	         2	       200
437       	     14125	      1270	         1	       200
441       	     14109	      1225	         1	       200
445       	     14122	     52720	         2	       200
449       	     14122	      1245	         1	       200
453       	     14109	      1245	         1	       200
457       	     14122	    153470	         2	       200
461       	     14122	      1255	         1	       200
465       	     14109	      1270	         1	       200
469       	     14121	     51410	         2	       200
473       	     14120	      1285	         1	       200
477       	     14109	      1215	         1	       200
481       	     14115	    218055	         2	       200
485       	     14112	      1235	         1	       200
489       	     14109	      1250	         1	       200
493       	     14111	     51605	         2	       200
497       	     14109	      1240	         1	       200
501       	     14109	      1240	         1	       200
505       	     14127	    215445	         2	       200
509       	     14122	      1280	         1	       200
513       	     14109	      1270	         1	       200
517       	     14123	     33555	         2	       200
521       	     14118	      1245	         1	       200
525       	     14109	      1280	         1	       200
529       	     14121	    195700	         2	       200
533       	     14115	      1340	         1	       200
537       	     14109	      1350	         1	       200
541       	     14121	     45990	         2	       200
545       	     14114	      1280	         1	       200
549       	     14109	      1300	         1	       200
553       	     14139	    668915	         2	       200
557       	     14126	      1245	         1	       200
561       	     14109	      1255	         1	       200
565       	     14111	     15150	         2	       200
569       	     14109	      1240	         1	       200
573       	     14111	      1270	         1	       200
577       	     14123	    135175	         2	       200
581       	     14112	      1265	         1	       200
585       	     14109	      1325	         1	       200
589       	     14122	     22770	         2	       200
593       	     14110	      1275	         1	       200
597       	     14109	      1260	         1	       200
601       	     14126	    143145	         2	       200
605       	     14113	      1290	         1	       200
609       	     14109	      1230	         1	       200
613       	     14120	     33120	         2	       200
617       	     14109	      1255	         1	       200
621       	     14110	      1375	         1	       200
625       	     14113	    151945	         2	       200
629       	     14109	      1410	         1	       200
633       	     14109	      1290	         1	       200
637       	     14121	     24745	         2	       200
641       	     14109	      1240	         1	       200
645       	     14115	      1245	         1	       200
649       	     14122	    113365	         2	       200
653       	     14110	      1295	         1	       200
657       	     14111	      1310	         1	       200
661       	     14123	     22075	         2	       200
665       	     14110	      1270	         1	       200
669       	     14123	    120260	         2	       200
673       	     14126	      1250	         1	       200
677       	     14110	      1255	         1	       200
681       	     14123	     18405	         2	       200
685       	     14126	      1300	         1	       200
689       	     14110	      1320	         1	       200
693       	     14124	    175755	         2	       200
697       	     14126	      1275	         1	       200
701       	     14110	      1480	         1	       200
705       	     14115	     17820	         2	       200
709       	     14116	      1405	         1	       200
713       	     14120	      1275	         1	       200
717       	     14125	    145750	         2	       200
721       	     14124	      1315	         1	       200
725       	     14110	      1235	         1	       200
729       	     14124	     26360	         2	       200
733       	     14123	      1270	         1	       200
737       	     14110	      1280	         1	       200
741       	     14113	    114425	         2	       200
745       	     14111	      1385	         1	       200
749       	     14110	      1295	         1	       200
753       	     14119	     15605	         2	       200
757       	     14115	      1295	         1	       200
761       	     14110	      1300	         1	       200
765       	     14121	     76825	         2	       200
769       	     14117	      1310	         1	       200
773       	     14110	      1400	         1	       200
777       	     14130	    309655	         2	       200
781       	     14124	      1415	         1	       200
785       	     14110	      1255	         1	       200
789       	     14122	     79570	         2	       200
793       	     14115	      1255	         1	       200
797       	     14110	      1245	         1	       200
801       	     14123	     72735	         2	       200
805       	     14116	      1210	         1	       200
809       	     14120	      1210	         1	       200
813       	     14123	    175895	         2	       200
817       	     14118	      1215	         1	       200
821       	     14120	      1945	         1	       200
825       	     14122	    166310	         2	       200
829       	     14113	      1460	         1	       200
833       	     14110	      1160	         1	       200
837       	     14113	     72440	         2	       200
841       	     14110	      1180	         1	       200
845       	     14111	      1175	         1	       200
849       	     14124	    183075	         2	       200
853       	     14112	      1300	         1	       200
857       	     14110	      1250	         1	       200
861       	     14115	    102535	         2	       200
865       	     14110	      1240	         1	       200
869       	     14110	      1180	         1	       200
873       	     14115	    178310	         2	       200
877       	     14110	      1845	         1	       200
881       	     14111	      1150	         1	       200
885       	     14124	    123245	         2	       200
889       	     14110	      1170	         1	       200
893       	     14110	      1265	         1	       200
897       	     14128	    190640	         2	       200
901       	     14118	      1220	         1	       200
905       	     14120	      1230	         1	       200
909       	     14126	     98555	         2	       200
913       	     14111	      1345	         1	       200
917       	     14111	      1200	         1	       200
921       	     14123	    130375	         2	       200
925       	     14110	      1195	         1	       200
929       	     14118	     66745	         2	       200
933       	     14122	      1310	         1	       200
937       	     14110	      1285	         1	       200
941       	     14119	    181425	         2	       200
945       	     14121	      1215	         1	       200
949       	     14110	      1200	         1	       200
953       	     14120	    197350	         2	       200
957       	     14122	      1295	         1	       200
961       	     14110	      1315	         1	       200
965       	     14121	    124945	         2	       200
969       	     14123	      1250	         1	       200
973       	     14110	      1215	         1	       200
977       	     14121	    190285	         2	       200
981       	     14120	      1245	         1	       200
985       	     14111	      1305	         1	       200
989       	     14118	    117120	         2	       200
993       	     14117	      1295	         1	       200
997       	     14118	      1305	         1	       200
1001      	     14129	    275575	         2	       200
1005      	     14123	      1305	         1	       200
1009      	     14111	      1395	         1	       200
1013      	     14114	    111690	         2	       200
1017      	     14111	      1295	         1	       200
1021      	     14111	      1255	         1	       200
1025      	     14120	    144230	         2	       200
1029      	     14116	      1360	         1	       200
1033      	     14110	      1245	         1	       200
1037      	     14121	    198975	         2	       200
1041      	     14112	      1255	         1	       200
1045      	     14111	      1260	         1	       200
1049      	     14114	    137295	         2	       200
1053      	     14111	      1260	         1	       200
1057      	     14111	      1300	         1	       200
1061      	     14120	    258725	         2	       200
1065      	     14112	      1255	         1	       200
1069      	     14111	      1225	         1	       200
1073      	     14118	    136740	         2	       200
1077      	     14110	      1215	         1	       200
1081      	     14112	      1280	         1	       200
1085      	     14125	    204445	         2	       200
1089      	     14118	      1290	         1	       200
1093      	     14111	      1330	         1	       200
1097      	     14119	     96440	         2	       200
1101      	     14111	      1335	         1	       200
1105      	     14118	      1230	         1	       200
1109      	     14119	     57725	         2	       200
1113      	     14111	      1190	         1	       200
1117      	     14111	      1190	         1	       200
1121      	     14119	    173960	         2	       200
1125      	     14111	      1185	         1	       200
1129      	     14111	      1220	         1	       200
1133      	     14118	     39710	         2	       200
1137      	     14111	      1230	         1	       200
1141      	     14112	      1250	         1	       200
1145      	     14120	    137330	         2	       200
1149      	     14111	      1290	         1	       200
1153      	     14111	      1300	         1	       200
1157      	     14113	     43730	         2	       200
1161      	     14111	      1260	         1	       200
1165      	     14111	      1325	         1	       200
1169      	     14118	    122160	         2	       200
1173      	     14111	      1305	         1	       200
1177      	     14111	      1320	         1	       200
1181      	     14128	    282310	         2	       200
1185      	     14111	      1290	         1	       200
1189      	     14119	     38445	         2	       200
1193      	     14123	      1280	         1	       200
1197      	     14111	      1290	         1	       200
1201      	     14113	     39640	         2	       200
1205      	     14117	      1295	         1	       200
1209      	     14111	      1255	         1	       200
1213      	     14120	    182250	         2	       200
1217      	     14122	      1310	         1	       200
1221      	     14112	      1300	         1	       200
1225      	     14120	     40540	         2	       200
1229      	     14121	      1305	         1	       200
1233      	     14111	      1255	         1	       200
1237      	     14119	    104320	         2	       200
1241      	     14119	      1290	         1	       200
1245      	     14111	      1350	         1	       200
1249      	     14118	     42685	         2	       200
1253      	     14117	      1340	         1	       200
1257      	     14111	      1280	         1	       200
1261      	     14120	    181965	         2	       200
1265      	     14120	      1270	         1	       200
1269      	     14111	      1295	         1	       200
1273      	     14114	     44050	         2	       200
1277      	     14112	      1215	         1	       200
1281      	     14111	      1220	         1	       200
1285      	     14120	     90725	         2	       200
1289      	     14116	      1245	         1	       200
1293      	     14111	      1250	         1	       200
1297      	     14119	     43015	         2	       200
1301      	     14115	      1255	         1	       200
1305      	     14111	      1250	         1	       200
1309      	     14119	    117775	         2	       200
1313      	     14113	      1255	         1	       200
1317      	     14113	      1310	         1	       200
1321      	     14113	     47300	         2	       200
1325      	     14111	      1275	         1	       200
1329      	     14111	      1280	         1	       200
1333      	     14122	     93490	         2	       200
1337      	     14113	      1305	         1	       200
1341      	     14111	      1470	         1	       200
1345      	     14146	   1000000	         2	       200
1349      	     14139	      1530	         1	       200
1353      	     14120	      1475	         1	       200
1357      	     14114	      6940	         2	       200
1361      	     14118	      1160	         1	       200
1365      	     14111	      1200	         1	       200
1369      	     14113	      5895	         2	       200
1373      	     14111	      1230	         1	       200
1377      	     14123	      1235	         1	       200
1381      	     14120	    121240	         2	       200
1385      	     14112	      1230	         1	       200
1389      	     14118	      1255	         1	       200
1393      	     14119	      8620	         2	       200
1397      	     14111	      1265	         1	       200
1401      	     14112	      1855	         1	       200
1405      	     14120	    144510	         2	       200
1409      	     14111	      1105	         1	       200
1413      	     14111	      1185	         1	       200
1417      	     14120	      9965	         2	       200
1421      	     14112	      1220	         1	       200
1425      	     14112	      1205	         1	       200
1429      	     14121	    180015	         2	       200
1433      	     14111	      1235	         1	       200
1437      	     14112	      1270	         1	       200
1441      	     14120	     10235	         2	       200
1445      	     14111	      1200	         1	       200
1449      	     14113	      1300	         1	       200
1453      	     14120	    122240	         2	       200
1457      	     14111	      1265	         1	       200
1461      	     14113	     10950	         2	       200
1465      	     14117	      1240	         1	       200
1469      	     14112	      1330	         1	       200
1473      	     14120	     69200	         2	       200
1477      	     14122	      1260	         1	       200
1481      	     14111	      1280	         1	       200
1485      	     14115	     11215	         2	       200
1489      	     14117	      1275	         1	       200
1493      	     14112	      1335	         1	       200
1497      	     14120	     66440	         2	       200
1501      	     14121	      1255	         1	       200
1505      	     14112	      1295	         1	       200
1509      	     14149	   1000000	         2	       200
1513      	     14145	      1390	         1	       200
1517      	     14123	      1485	         1	       200
1521      	     14114	     44625	         2	       200
1525      	     14112	      1395	         1	       200
1529      	     14112	      1240	         1	       200
1533      	     14119	      6895	         2	       200
1537      	     14117	      1210	         1	       200
1541      	     14112	      1230	         1	       200
1545      	     14121	    137795	         2	       200
1549      	     14118	      1180	         1	       200
1553      	     14112	      1195	         1	       200
1557      	     14119	      8225	         2	       200
1561      	     14115	      1220	         1	       200
1565      	     14112	      1250	         1	       200
1569      	     14121	    110655	         2	       200
1573      	     14115	      1375	         1	       200
1577      	     14112	      1425	         1	       200
1581      	     14120	      8410	         2	       200
1585      	     14115	      1495	         1	       200
1589      	     14112	      1310	         1	       200
1593      	     14116	     49900	         2	       200
1597      	     14112	      1220	         1	       200
1601      	     14112	      1210	         1	       200
1605      	     14118	      9815	         2	       200
1609      	     14112	      1230	         1	       200
1613      	     14113	      1210	         1	       200
1617      	     14123	    140975	         2	       200
1621      	     14113	      1240	         1	       200
1625      	     14119	      1405	         1	       200
1629      	     14116	     10135	         2	       200
1633      	     14112	      1345	         1	       200
1637      	     14113	      1160	         1	       200
1641      	     14120	     53425	         2	       200
1645      	     14112	      1145	         1	       200
1649      	     14112	      1195	         1	       200
1653      	     14114	     12565	         2	       200
1657      	     14112	      1230	         1	       200
1661      	     14113	      1250	         1	       200
1665      	     14122	    135465	         2	       200
1669      	     14113	      1260	         1	       200
1673      	     14112	      1280	         1	       200
1677      	     14118	      8735	         2	       200
1681      	     14113	      1450	         1	       200
1685      	     14112	      1355	         1	       200
1689      	     14121	     45795	         2	       200
1693      	     14112	      1230	         1	       200
1697      	     14113	      1495	         1	       200
1701      	     14116	      8760	         2	       200
1705      	     14112	      1345	         1	       200
1709      	     14114	      1295	         1	       200
1713      	     14119	    131115	         2	       200
1717      	     14113	      1180	         1	       200
1721      	     14120	      7615	         2	       200
1725      	     14130	      1130	         1	       200
1729      	     14112	      1210	         1	       200
1733      	     14121	     47885	         2	       200
1737      	     14123	      1150	         1	       200
1741      	     14113	      1225	         1	       200
1745      	     14121	      8305	         2	       200
1749      	     14123	      1175	         1	       200
1753      	     14114	      1210	         1	       200
1757      	     14121	    107620	         2	       200
1761      	     14121	      1130	         1	       200
1765      	     14112	      1215	         1	       200
1769      	     14119	      7585	         2	       200
1773      	     14120	      1250	         1	       200
1777      	     14113	      1245	         1	       200
1781      	     14120	     51565	         2	       200
1785      	     14118	      1225	         1	       200
1789      	     14119	      1215	         1	       200
1793      	     14114	      9130	         2	       200
1797      	     14113	      1285	         1	       200
1801      	     14121	      1255	         1	       200
1805      	     14122	    131960	         2	       200
1809      	     14118	      1260	         1	       200
1813      	     14113	      1275	         1	       200
1817      	     14119	      8225	         2	       200
1821      	     14115	      1270	         1	       200
1825      	     14113	      1400	         1	       200
1829      	     14119	     43775	         2	       200
1833      	     14115	      1190	         1	       200
1837      	     14113	      1210	         1	       200
1841      	     14120	      9335	         2	       200
1845      	     14114	      1350	         1	       200
1849      	     14113	      1220	         1	       200
1853      	     14122	    141110	         2	       200
1857      	     14115	      1245	         1	       200
1861      	     14120	      1280	         1	       200
1865      	     14115	      8800	         2	       200
1869      	     14113	      1210	         1	       200
1873      	     14121	      1275	         1	       200
1877      	     14120	     48815	         2	       200
1881      	     14113	      1245	         1	       200
1885      	     14113	      1220	         1	       200
1889      	     14121	      8360	         2	       200
1893      	     14113	      1235	         1	       200
1897      	     14113	      1245	         1	       200
1901      	     14121	     99865	         2	       200
1905      	     14113	      1315	         1	       200
1909      	     14113	      1295	         1	       200
1913      	     14121	      8690	         2	       200
1917      	     14113	      1240	         1	       200
1921      	     14113	      1285	         1	       200
1925      	     14122	     49515	         2	       200
1929      	     14113	      1235	         1	       200
1933      	     14118	      1265	         1	       200
1937      	     14120	      9100	         2	       200
1941      	     14113	      1255	         1	       200
1945      	     14113	      1255	         1	       200
1949      	     14121	     85070	         2	       200
1953      	     14113	      1250	         1	       200
1957      	     14113	      1260	         1	       200
1961      	     14121	      9610	         2	       200
1965      	     14113	      1270	         1	       200
1969      	     14116	      1295	         1	       200
1973      	     14123	     42285	         2	       200
1977      	     14113	      1305	         1	       200
1981      	     14115	      6955	         2	       200
1985      	     14119	      1315	         1	       200
1989      	     14113	      1255	         1	       200
1993      	     14116	     86385	         2	       200
1997      	     14120	      1345	         1	       200
2001      	     14114	      1310	         1	       200
2005      	     14121	     10375	         2	       200
2009      	     14124	      1305	         1	       200
2013      	     14113	      1285	         1	       200
2017      	     14121	     47805	         2	       200
2021      	     14122	      1330	         1	       200
2025      	     14113	      1315	         1	       200
2029      	     14116	      8905	         2	       200
2033      	     14116	      1325	         1	       200
2037      	     14113	      1265	         1	       200
2041      	     14122	     58350	         2	       200
2045      	     14121	      1285	         1	       200
2049      	     14113	      1295	         1	       200
2053      	     14115	      9455	         2	       200
2057      	     14114	      1265	         1	       200
2061      	     14113	      1300	         1	       200
2065      	     14121	     42995	         2	       200
2069      	     14119	      1370	         1	       200
2073      	     14113	      1275	         1	       200
2077      	     14135	    522375	         2	       200
2081      	     14127	      1235	         1	       200
2085      	     14113	      1285	         1	       200
2089      	     14122	     30635	         2	       200
2093      	     14117	      1275	         1	       200
2097      	     14114	      1285	         1	       200
2101      	     14117	     57015	         2	       200
2105      	     14113	      1285	         1	       200
2109      	     14113	      1250	         1	       200
2113      	     14120	     28840	         2	       200
2117      	     14114	      1320	         1	       200
2121      	     14113	      1295	         1	       200
2125      	     14121	     69250	         2	       200
2129      	     14114	      1400	         1	       200
2133      	     14120	      1235	         1	       200
2137      	     14121	     31205	         2	       200
2141      	     14113	      1250	         1	       200
2145      	     14114	      1270	         1	       200
2149      	     14122	     63230	         2	       200
2153      	     14113	      1365	         1	       200
2157      	     14114	      1385	         1	       200
2161      	     14121	     25415	         2	       200
2165      	     14113	      1285	         1	       200
2169      	     14114	      1230	         1	       200
2173      	     14122	     74505	         2	       200
2177      	     14114	      1260	         1	       200
2181      	     14115	      1310	         1	       200
2185      	     14123	     29715	         2	       200
2189      	     14114	      1290	         1	       200
2193      	     14114	      1300	         1	       200
2197      	     14122	     66595	         2	       200
2201      	     14113	      1385	         1	       200
2205      	     14118	      1310	         1	       200
2209      	     14128	     28535	         2	       200
2213      	     14113	      1260	         1	       200
2217      	     14117	      1235	         1	       200
2221      	     14122	     81305	         2	       200
2225      	     14114	      1275	         1	       200
2229      	     14114	      1940	         1	       200
2233      	     14122	     26700	         2	       200
2237      	     14113	      1190	         1	       200
2241      	     14123	     66070	         2	       200
2245      	     14127	      1195	         1	       200
2249      	     14113	      1275	         1	       200
2253      	     14122	     29460	         2	       200
2257      	     14125	      1205	         1	       200
2261      	     14114	      1265	         1	       200
2265      	     14122	     88000	         2	       200
2269      	     14124	      1200	         1	       200
2273      	     14114	      1240	         1	       200
2277      	     14122	     28610	         2	       200
2281      	     14123	      1285	         1	       200
2285      	     14114	      1290	         1	       200
2289      	     14119	     76370	         2	       200
2293      	     14119	      1290	         1	       200
2297      	     14121	      1250	         1	       200
2301      	     14121	     32975	         2	       200
2305      	     14120	      1325	         1	       200
2309      	     14121	      1295	         1	       200
2313      	     14117	     56760	         2	       200
2317      	     14115	      1260	         1	       200
2321      	     14114	      1265	         1	       200
2325      	     14126	     34525	         2	       200
2329      	     14125	      1235	         1	       200
2333      	     14114	      1270	         1	       200
2337      	     14117	     90450	         2	       200
2341      	     14114	      1260	         1	       200
2345      	     14114	      1260	         1	       200
2349      	     14122	     35795	         2	       200
2353      	     14117	      1245	         1	       200
2357      	     14114	      1320	         1	       200
2361      	     14116	     55295	         2	       200
2365      	     14114	      1300	         1	       200
2369      	     14114	      1315	         1	       200
2373      	     14120	     32355	         2	       200
2377      	     14114	      1255	         1	       200
2381      	     14115	      1275	         1	       200
2385      	     14122	     96505	         2	       200
2389      	     14115	      1275	         1	       200
2393      	     14114	      1255	         1	       200
2397      	     14122	     31430	         2	       200
2401      	     14114	      1295	         1	       200
2405      	     14115	      1275	         1	       200
2409      	     14122	     52715	         2	       200
2413      	     14114	      1300	         1	       200
2417      	     14114	      1240	         1	       200
2421      	     14122	     30480	         2	       200
2425      	     14114	      1280	         1	       200
2429      	     14120	      1280	         1	       200
2433      	     14123	     95435	         2	       200
2437      	     14114	      1340	         1	       200
2441      	     14114	      1295	         1	       200
2445      	     14122	     28995	         2	       200
2449      	     14114	      1285	         1	       200
2453      	     14114	      1275	         1	       200
2457      	     14122	     52085	         2	       200
2461      	     14115	      1300	         1	       200
2465      	     14114	      1300	         1	       200
2469      	     14117	     30315	         2	       200
2473      	     14114	      1330	         1	       200
2477      	     14116	      1360	         1	       200
2481      	     14122	     91330	         2	       200
2485      	     14114	      1270	         1	       200
2489      	     14114	      1230	         1	       200
2493      	     14121	     30860	         2	       200
2497      	     14114	      1295	         1	       200
2501      	     14114	      1325	         1	       200
2505      	     14122	     51060	         2	       200
2509      	     14114	      1200	         1	       200
2513      	     14116	     34190	         2	       200
2517      	     14119	      1235	         1	       200
2521      	     14114	      1275	         1	       200
2525      	     14124	     93445	         2	       200
2529      	     14126	      1305	         1	       200
2533      	     14115	      1300	         1	       200
2537      	     14119	     32485	         2	       200
2541      	     14120	      1285	         1	       200
2545      	     14122	      1320	         1	       200
2549      	     14122	     54100	         2	       200
2553      	     14123	      1270	         1	       200
2557      	     14114	      1315	         1	       200
2561      	     14124	     29490	         2	       200
2565      	     14123	      1305	         1	       200
2569      	     14115	      1265	         1	       200
2573      	     14122	     97540	         2	       200
2577      	     14121	      1255	         1	       200
2581      	     14114	      1285	         1	       200
2585      	     14123	     31035	         2	       200
2589      	     14120	      1315	         1	       200
2593      	     14121	      1300	         1	       200
2597      	     14123	     53040	         2	       200
2601      	     14119	      1305	         1	       200
2605      	     14115	      1305	         1	       200
2609      	     14117	     32030	         2	       200
2613      	     14115	      1335	         1	       200
2617      	     14115	      1290	         1	       200
2621      	     14123	     91920	         2	       200
2625      	     14118	      1260	         1	       200
2629      	     14115	      1320	         1	       200
2633      	     14123	     31315	         2	       200
2637      	     14116	      1290	         1	       200
2641      	     14115	      1270	         1	       200
2645      	     14123	     52790	         2	       200
2649      	     14116	      1260	         1	       200
2653      	     14115	      1275	         1	       200
2657      	     14124	     29335	         2	       200
2661      	     14117	      1280	         1	       200
2665      	     14115	      1335	         1	       200
2669      	     14124	     97615	         2	       200
2673      	     14121	      1265	         1	       200
2677      	     14115	      1285	         1	       200
2681      	     14121	     32725	         2	       200
2685      	     14115	      1270	         1	       200
2689      	     14115	      1345	         1	       200
2693      	     14122	     53150	         2	       200
2697      	     14115	      1420	         1	       200
2701      	     14115	      1810	         1	       200
2705      	     14123	     30085	         2	       200
2709      	     14115	      1300	         1	       200
2713      	     14115	      1295	         1	       200
2717      	     14123	     85020	         2	       200
2721      	     14115	      1285	         1	       200
2725      	     14115	      1180	         1	       200
2729      	     14123	     31280	         2	       200
2733      	     14115	      1140	         1	       200
2737      	     14118	      1200	         1	       200
2741      	     14121	     53555	         2	       200
2745      	     14115	      1120	         1	       200
2749      	     14115	      1205	         1	       200
2753      	     14121	     30930	         2	       200
2757      	     14117	      1190	         1	       200
2761      	     14115	      1205	         1	       200
2765      	     14122	     86340	         2	       200
2769      	     14115	      1185	         1	       200
2773      	     14124	     31165	         2	       200
2777      	     14127	      1150	         1	       200
2781      	     14115	      1290	         1	       200
2785      	     14124	     52350	         2	       200
2789      	     14126	      1190	         1	       200
2793      	     14115	      1280	         1	       200
2797      	     14119	     31005	         2	       200
2801      	     14122	      1225	         1	       200
2805      	     14122	      1260	         1	       200
2809      	     14121	     77730	         2	       200
2813      	     14121	      1250	         1	       200
2817      	     14122	      1255	         1	       200
2821      	     14121	     33265	         2	       200
2825      	     14121	      1250	         1	       200
2829      	     14122	      1250	         1	       200
2833      	     14123	     52350	         2	       200
2837      	     14122	      1270	         1	       200
2841      	     14115	      1270	         1	       200
2845      	     14123	     35020	         2	       200
2849      	     14120	      1300	         1	       200
2853      	     14115	      1235	         1	       200
2857      	     14123	     65795	         2	       200
2861      	     14119	      1260	         1	       200
2865      	     14115	      1250	         1	       200
2869      	     14117	     33940	         2	       200
2873      	     14115	      1270	         1	       200
2877      	     14116	      1260	         1	       200
2881      	     14124	     56125	         2	       200
2885      	     14119	      1315	         1	       200
2889      	     14116	      1265	         1	       200
2893      	     14127	     40675	         2	       200
2897      	     14121	      1245	         1	       200
2901      	     14115	      1280	         1	       200
2905      	     14127	     50000	         2	       200
2909      	     14120	      1250	         1	       200
2913      	     14116	      1290	         1	       200
2917      	     14128	     42190	         2	       200
2921      	     14120	      1290	         1	       200
2925      	     14115	      1305	         1	       200
2929      	     14160	   1000000	         2	       200
2933      	     14147	      1270	         1	       200
2937      	     14126	      1300	         1	       200
2941      	     14127	      8835	         2	       200
2945      	     14117	      1270	         1	       200
2949      	     14115	      1295	         1	       200
2953      	     14117	      5600	         2	       200
2957      	     14126	      1260	         1	       200
2961      	     14115	      1260	         1	       200
2965      	     14127	     92610	         2	       200
2969      	     14115	      1310	         1	       200
2973      	     14115	      1275	         1	       200
2977      	     14127	      6870	         2	       200
2981      	     14116	      1265	         1	       200
2985      	     14116	      1250	         1	       200
2989      	     14127	     12090	         2	       200
2993      	     14115	      1305	         1	       200
2997      	     14116	      1255	         1	       200
3001      	     14127	      9080	         2	       200
3005      	     14116	      1255	         1	       200
3009      	     14115	      1280	         1	       200
3013      	     14127	     72260	         2	       200
3017      	     14115	      1300	         1	       200
3021      	     14128	      1335	         1	       200
3025      	     14132	      6690	         2	       200
3029      	     14116	      1340	         1	       200
3033      	     14127	     13030	         2	       200
3037      	     14132	      1270	         1	       200
3041      	     14116	      1315	         1	       200
3045      	     14126	      7965	         2	       200
3049      	     14129	      1310	         1	       200
3053      	     14115	      1305	         1	       200
3057      	     14128	     72960	         2	       200
3061      	     14130	      1245	         1	       200
3065      	     14115	      1275	         1	       200
3069      	     14121	      8215	         2	       200
3073      	     14121	      1275	         1	       200
3077      	     14116	      1250	         1	       200
3081      	     14129	     12140	         2	       200
3085      	     14128	      1305	         1	       200
3089      	     14116	      1295	         1	       200
3093      	     14117	      6445	         2	       200
3097      	     14127	      1260	         1	       200
3101      	     14116	      1290	         1	       200
3105      	     14126	     66780	         2	       200
3109      	     14125	      1315	         1	       200
3113      	     14116	      1335	         1	       200
3117      	     14127	      7305	         2	       200
3121      	     14136	      1275	         1	       200
3125      	     14126	      1270	         1	       200
3129      	     14128	     11590	         2	       200
3133      	     14124	      1255	         1	       200
3137      	     14116	      1330	         1	       200
3141      	     14117	      6940	         2	       200
3145      	     14127	      1270	         1	       200
3149      	     14116	      1250	         1	       200
3153      	     14129	     60500	         2	       200
3157      	     14123	      1255	         1	       200
3161      	     14116	      1290	         1	       200
3165      	     14129	      6465	         2	       200
3169      	     14120	      1300	         1	       200
3173      	     14116	      1305	         1	       200
3177      	     14130	     11740	         2	       200
3181      	     14127	      1275	         1	       200
3185      	     14116	      1270	         1	       200
3189      	     14117	      6010	         2	       200
3193      	     14127	      1285	         1	       200
3197      	     14116	      1245	         1	       200
3201      	     14127	     55965	         2	       200
3205      	     14117	      1275	         1	       200
3209      	     14116	      1320	         1	       200
3213      	     14126	      6865	         2	       200
3217      	     14117	      1295	         1	       200
3221      	     14116	      1240	         1	       200
3225      	     14127	     54495	         2	       200
3229      	     14116	      1290	         1	       200
3233      	     14116	      1270	         1	       200
3237      	     14128	      7775	         2	       200
3241      	     14116	      1340	         1	       200
3245      	     14117	      1275	         1	       200
3249      	     14129	     19075	         2	       200
3253      	     14116	      1260	         1	       200
3257      	     14116	      1275	         1	       200
3261      	     14128	      6370	         2	       200
3265      	     14116	      1260	         1	       200
3269      	     14116	      1290	         1	       200
3273      	     14121	     73835	         2	       200
3277      	     14117	      1285	         1	       200
3281      	     14120	      1345	         1	       200
3285      	     14128	      8630	         2	       200
3289      	     14117	      1250	         1	       200
3293      	     14130	     16875	         2	       200
3297      	     14134	      1290	         1	       200
3301      	     14116	      1355	         1	       200
3305      	     14118	      7090	         2	       200
3309      	     14126	      1275	         1	       200
3313      	     14116	      1255	         1	       200
3317      	     14130	     63230	         2	       200
3321      	     14132	      1295	         1	       200
3325      	     14116	      1265	         1	       200
3329      	     14129	      6535	         2	       200
3333      	     14129	      1295	         1	       200
3337      	     14116	      1255	         1	       200
3341      	     14129	     15720	         2	       200
3345      	     14130	      1325	         1	       200
3349      	     14117	      1340	         1	       200
3353      	     14118	      6450	         2	       200
3357      	     14126	      1265	         1	       200
3361      	     14116	      1285	         1	       200
3365      	     14119	     53595	         2	       200
3369      	     14117	      1245	         1	       200
3373      	     14117	      1265	         1	       200
3377      	     14127	      7520	         2	       200
3381      	     14135	      1295	         1	       200
3385      	     14117	      1240	         1	       200
3389      	     14127	     18410	         2	       200
3393      	     14123	      1275	         1	       200
3397      	     14116	      1240	         1	       200
3401      	     14120	      6315	         2	       200
3405      	     14128	      1280	         1	       200
3409      	     14116	      1285	         1	       200
3413      	     14130	     50150	         2	       200
3417      	     14124	      1275	         1	       200
3421      	     14117	      1300	         1	       200
3425      	     14130	      8595	         2	       200
3429      	     14128	      1290	         1	       200
3433      	     14117	      1335	         1	       200
3437      	     14119	     17280	         2	       200
3441      	     14116	      1275	         1	       200
3445      	     14117	      1270	         1	       200
3449      	     14129	      9025	         2	       200
3453      	     14121	      1305	         1	       200
3457      	     14117	      1300	         1	       200
3461      	     14119	     51510	         2	       200
3465      	     14117	      1275	         1	       200
3469      	     14117	      1270	         1	       200
3473      	     14128	      7670	         2	       200
3477      	     14128	      1255	         1	       200
3481      	     14117	      1315	         1	       200
3485      	     14129	     17895	         2	       200
3489      	     14117	      1260	         1	       200
3493      	     14118	      1290	         1	       200
3497      	     14127	      8165	         2	       200
3501      	     14117	      1260	         1	       200
3505      	     14117	      1285	         1	       200
3509      	     14128	     43495	         2	       200
3513      	     14117	      1270	         1	       200
3517      	     14118	      1285	         1	       200
3521      	     14135	     10905	         2	       200
3525      	     14119	      1260	         1	       200
3529      	     14117	      1285	         1	       200
3533      	     14129	     15270	         2	       200
3537      	     14117	      1315	         1	       200
3541      	     14117	      1265	         1	       200
3545      	     14129	      8630	         2	       200
3549      	     14118	      1295	         1	       200
3553      	     14118	      1295	         1	       200
3557      	     14128	     31550	         2	       200
3561      	     14117	      1345	         1	       200
3565      	     14129	      9625	         2	       200
3569      	     14133	      1270	         1	       200
3573      	     14117	      1230	         1	       200
3577      	     14130	     13875	         2	       200
3581      	     14132	      1305	         1	       200
3585      	     14117	      1280	         1	       200
3589      	     14119	      8455	         2	       200
3593      	     14125	      1220	         1	       200
3597      	     14117	      1280	         1	       200
3601      	     14119	     20460	         2	       200
3605      	     14124	      1305	         1	       200
3609      	     14120	      1285	         1	       200
3613      	     14131	     12750	         2	       200
3617      	     14128	      1245	         1	       200
3621      	     14117	      1280	         1	       200
3625      	     14129	     21490	         2	       200
3629      	     14127	      1280	         1	       200
3633      	     14117	      1315	         1	       200
3637      	     14158	   1000000	         2	       200
3641      	     14151	      1305	         1	       200
3645      	     14133	      1265	         1	       200
3649      	     14121	      5440	         2	       200
3653      	     14117	      1315	         1	       200
3657      	     14117	      1315	         1	       200
3661      	     14129	      1515	         2	       200
3665      	     14135	      1265	         1	       200
3669      	     14117	      1290	         1	       200
3673      	     14131	    208725	         2	       200
3677      	     14125	      1280	         1	       200
3681      	     14118	      1260	         1	       200
3685      	     14130	      2000	         2	       200
3689      	     14123	      1280	         1	       200
3693      	     14117	      1300	         1	       200
3697      	     14118	      5785	         2	       200
3701      	     14130	      1285	         1	       200
3705      	     14117	      1300	         1	       200
3709      	     14119	      3340	         2	       200
3713      	     14118	      1260	         1	       200
3717      	     14117	      1250	         1	       200
3721      	     14128	    116320	         2	       200
3725      	     14118	      1285	         1	       200
3729      	     14118	      1300	         1	       200
3733      	     14118	      2730	         2	       200
3737      	     14129	      1285	         1	       200
3741      	     14117	      1275	         1	       200
3745      	     14119	      4130	         2	       200
3749      	     14119	      1280	         1	       200
3753      	     14118	      1300	         1	       200
3757      	     14124	      1910	         2	       200
3761      	     14117	      1220	         1	       200
3765      	     14118	      1495	         1	       200
3769      	     14131	     68175	         2	       200
3773      	     14117	      1270	         1	       200
3777      	     14118	      1250	         1	       200
3781      	     14131	      2815	         2	       200
3785      	     14118	      1280	         1	       200
3789      	     14118	      1235	         1	       200
3793      	     14129	      4290	         2	       200
3797      	     14128	      1230	         1	       200
3801      	     14118	      1240	         1	       200
3805      	     14120	      1270	         2	       200
3809      	     14118	      1240	         1	       200
3813      	     14118	      1190	         1	       200
3817      	     14131	     65440	         2	       200
3821      	     14118	      1240	         1	       200
3825      	     14130	      2060	         2	       200
3829      	     14132	      1235	         1	       200
3833      	     14118	      1235	         1	       200
3837      	     14118	       690	         2	       200
3841      	     14121	      1265	         1	       200
3845      	     14118	      1270	         1	       200
3849      	     14128	     23445	         2	       200
3853      	     14130	      1385	         1	       200
3857      	     14118	      1445	         1	       200
3861      	     14118	      2090	         2	       200
3865      	     14125	      1235	         1	       200
3869      	     14118	      1200	         1	       200
3873      	     14118	      1150	         2	       200
3877      	     14118	      1265	         1	       200
3881      	     14118	      1320	         1	       200
3885      	     14130	     24645	         2	       200
3889      	     14147	      1285	         1	       200
3893      	     14126	      1380	         1	       200
3897      	     14118	      1125	         2	       200
3901      	     14118	      1385	         1	       200
3905      	     14119	      1345	         1	       200
3909      	     14131	      3715	         2	       200
3913      	     14126	      1395	         1	       200
3917      	     14118	      1330	         1	       200
3921      	     14118	      1035	         2	       200
3925      	     14118	      1245	         1	       200
3929      	     14118	      1270	         1	       200
3933      	     14130	     59100	         2	       200
3937      	     14125	      1485	         1	       200
3941      	     14118	      1165	         1	       200
3945      	     14129	      1815	         2	       200
3949      	     14133	      1195	         1	       200
3953      	     14118	      1245	         1	       200
3957      	     14119	      3970	         2	       200
3961      	     14118	      1225	         1	       200
3965      	     14118	      1290	         1	       200
3969      	     14120	       925	         2	       200
3973      	     14118	      1260	         1	       200
3977      	     14118	      1210	         1	       200
3981      	     14131	     71165	         2	       200
3985      	     14122	      1180	         1	       200
3989      	     14118	      1230	         1	       200
3993      	     14121	      1180	         2	       200
3997      	     14118	      1235	         1	       200
4001      	     14119	      1245	         1	       200
4005      	     14119	      3140	         2	       200
4009      	     14118	      1230	         1	       200
4013      	     14129	      1220	         1	       200
4017      	     14127	      1235	         2	       200
4021      	     14118	      1315	         1	       200
4025      	     14118	      1255	         1	       200
4029      	     14131	     46045	         2	       200
4033      	     14118	      1825	         1	       200
4037      	     14128	      1125	         1	       200
4041      	     14129	      1105	         2	       200
4045      	     14131	      1185	         1	       200
4049      	     14118	      1195	         1	       200
4053      	     14119	      2755	         2	       200
4057      	     14118	      1225	         1	       200
4061      	     14129	      1300	         1	       200
4065      	     14131	       995	         2	       200
4069      	     14119	      1245	         1	       200
4073      	     14122	      1275	         1	       200
4077      	     14130	     36340	         2	       200
4081      	     14129	      1965	         1	       200
4085      	     14129	      1155	         2	       200
4089      	     14133	      1135	         1	       200
4093      	     14118	      1125	         1	       200
4097      	     14118	      2220	         2	       200
4101      	     14122	      1180	         1	       200
4105      	     14118	      1195	         1	       200
4109      	     14129	      1165	         2	       200
4113      	     14131	      1200	         1	       200
4117      	     14119	      1265	         1	       200
4121      	     14120	     28855	         2	       200
4125      	     14122	      1405	         1	       200
4129      	     14118	      1240	         1	       200
4133      	     14119	       870	         2	       200
4137      	     14118	      1180	         1	       200
4141      	     14130	      1165	         1	       200
4145      	     14118	      2310	         2	       200
4149      	     14120	      1190	         1	       200
4153      	     14119	      1200	         1	       200
4157      	     14118	       925	         2	       200
4161      	     14130	      1230	         1	       200
4165      	     14119	      1250	         1	       200
4169      	     14129	     21870	         2	       200
4173      	     14126	      1235	         1	       200
4177      	     14118	      1245	         1	       200
4181      	     14119	      1560	         2	       200
4185      	     14118	      1325	         1	       200
4189      	     14130	      1385	         1	       200
4193      	     14121	      4640	         2	       200
4197      	     14119	      1355	         1	       200
4201      	     14118	      1320	         1	       200
4205      	     14131	      4000	         2	       200
4209      	     14124	      1360	         1	       200
4213      	     14119	      1315	         1	       200
4217      	     14132	     74385	         2	       200
4221      	     14125	      1270	         1	       200
4225      	     14132	      1255	         1	       200
4229      	     14126	      3030	         2	       200
4233      	     14119	      1195	         1	       200
4237      	     14119	      1235	         1	       200
4241      	     14120	      4455	         2	       200
4245      	     14131	      1190	         1	       200
4249      	     14119	      1155	         1	       200
4253      	     14120	      2690	         2	       200
connection closed, recv=-1 sent=-1 lost=-1 rtt=-1 cwnd=-1, total_bytes=28011895, complete_bytes=27969375, good_bytes=0, total_time=15035912
